# JRE version: OpenJDK Runtime Environment Microsoft-9889606 (21.0.4+7) (build 21.0.4+7-LTS)
# Java VM: OpenJDK 64-Bit Server VM Microsoft-9889606 (21.0.4+7-LTS, mixed mode, tiered, compressed oops, compressed class ptrs, g1 gc, windows-amd64)
GC Precious Log:
 CardTable entry size: 512
 Card Set container configuration: InlinePtr #cards 4 size 8 Array Of Cards #cards 16 size 48 Howl #buckets 8 coarsen threshold 3686 Howl Bitmap #cards 512 size 80 coarsen threshold 460 Card regions per heap region 1 cards per card region 4096
 CPUs: 8 total, 8 available
 Memory: 16151M
 Large Page Support: Disabled
 NUMA Support: Disabled
 Compressed Oops: Enabled (Zero based)
 Heap Region Size: 2M
 Heap Min Capacity: 8M
 Heap Initial Capacity: 254M
 Heap Max Capacity: 4038M
 Pre-touch: Disabled
 Parallel Workers: 8
 Concurrent Workers: 2
 Concurrent Refinement Workers: 8
 Periodic GC: Disabled
Heap:
 garbage-first heap   total 65536K, used 55293K [0x0000000703a00000, 0x0000000800000000)
  region size 2048K, 5 young (10240K), 1 survivors (2048K)
 Metaspace       used 35346K, committed 35648K, reserved 1114112K
  class space    used 4052K, committed 4224K, reserved 1048576K
GC Heap History (20 events):
Event: 19.539 GC heap before
{Heap before GC invocations=11 (full 0):
 garbage-first heap   total 51200K, used 42214K [0x0000000703a00000, 0x0000000800000000)
  region size 2048K, 10 young (20480K), 1 survivors (2048K)
 Metaspace       used 34518K, committed 34880K, reserved 1114112K
  class space    used 4009K, committed 4160K, reserved 1048576K
}
Event: 19.540 GC heap after
{Heap after GC invocations=12 (full 0):
 garbage-first heap   total 51200K, used 23974K [0x0000000703a00000, 0x0000000800000000)
  region size 2048K, 1 young (2048K), 1 survivors (2048K)
 Metaspace       used 34518K, committed 34880K, reserved 1114112K
  class space    used 4009K, committed 4160K, reserved 1048576K
}
Event: 666.154 GC heap before
{Heap before GC invocations=13 (full 0):
 garbage-first heap   total 51200K, used 42406K [0x0000000703a00000, 0x0000000800000000)
  region size 2048K, 10 young (20480K), 1 survivors (2048K)
 Metaspace       used 34851K, committed 35136K, reserved 1114112K
  class space    used 4058K, committed 4224K, reserved 1048576K
}
Event: 666.155 GC heap after
{Heap after GC invocations=14 (full 0):
 garbage-first heap   total 51200K, used 24181K [0x0000000703a00000, 0x0000000800000000)
  region size 2048K, 1 young (2048K), 1 survivors (2048K)
 Metaspace       used 34851K, committed 35136K, reserved 1114112K
  class space    used 4058K, committed 4224K, reserved 1048576K
}
Event: 672.259 GC heap before
{Heap before GC invocations=14 (full 0):
 garbage-first heap   total 51200K, used 42613K [0x0000000703a00000, 0x0000000800000000)
  region size 2048K, 10 young (20480K), 1 survivors (2048K)
 Metaspace       used 35050K, committed 35392K, reserved 1114112K
  class space    used 4065K, committed 4224K, reserved 1048576K
}
Event: 672.262 GC heap after
{Heap after GC invocations=15 (full 0):
 garbage-first heap   total 51200K, used 24358K [0x0000000703a00000, 0x0000000800000000)
  region size 2048K, 1 young (2048K), 1 survivors (2048K)
 Metaspace       used 35050K, committed 35392K, reserved 1114112K
  class space    used 4065K, committed 4224K, reserved 1048576K
}
Event: 684.782 GC heap before
{Heap before GC invocations=16 (full 0):
 garbage-first heap   total 51200K, used 42790K [0x0000000703a00000, 0x0000000800000000)
  region size 2048K, 10 young (20480K), 1 survivors (2048K)
 Metaspace       used 35061K, committed 35392K, reserved 1114112K
  class space    used 4065K, committed 4224K, reserved 1048576K
}
Event: 684.783 GC heap after
{Heap after GC invocations=17 (full 0):
 garbage-first heap   total 51200K, used 24638K [0x0000000703a00000, 0x0000000800000000)
  region size 2048K, 1 young (2048K), 1 survivors (2048K)
 Metaspace       used 35061K, committed 35392K, reserved 1114112K
  class space    used 4065K, committed 4224K, reserved 1048576K
}
Event: 697.845 GC heap before
{Heap before GC invocations=17 (full 0):
 garbage-first heap   total 51200K, used 43070K [0x0000000703a00000, 0x0000000800000000)
  region size 2048K, 10 young (20480K), 1 survivors (2048K)
 Metaspace       used 35162K, committed 35520K, reserved 1114112K
  class space    used 4069K, committed 4224K, reserved 1048576K
}
Event: 697.847 GC heap after
{Heap after GC invocations=18 (full 0):
 garbage-first heap   total 51200K, used 24437K [0x0000000703a00000, 0x0000000800000000)
  region size 2048K, 1 young (2048K), 1 survivors (2048K)
 Metaspace       used 35162K, committed 35520K, reserved 1114112K
  class space    used 4069K, committed 4224K, reserved 1048576K
}
Event: 3906.835 GC heap before
{Heap before GC invocations=18 (full 0):
 garbage-first heap   total 51200K, used 26485K [0x0000000703a00000, 0x0000000800000000)
  region size 2048K, 3 young (6144K), 1 survivors (2048K)
 Metaspace       used 35171K, committed 35520K, reserved 1114112K
  class space    used 4072K, committed 4224K, reserved 1048576K
}
Event: 3906.844 GC heap after
{Heap after GC invocations=19 (full 0):
 garbage-first heap   total 51200K, used 24658K [0x0000000703a00000, 0x0000000800000000)
  region size 2048K, 2 young (4096K), 2 survivors (4096K)
 Metaspace       used 35171K, committed 35520K, reserved 1114112K
  class space    used 4072K, committed 4224K, reserved 1048576K
}
Event: 3907.605 GC heap before
{Heap before GC invocations=19 (full 0):
 garbage-first heap   total 51200K, used 32850K [0x0000000703a00000, 0x0000000800000000)
  region size 2048K, 3 young (6144K), 2 survivors (4096K)
 Metaspace       used 35213K, committed 35520K, reserved 1114112K
  class space    used 4072K, committed 4224K, reserved 1048576K
}
Event: 3907.609 GC heap after
{Heap after GC invocations=20 (full 0):
 garbage-first heap   total 51200K, used 32810K [0x0000000703a00000, 0x0000000800000000)
  region size 2048K, 2 young (4096K), 2 survivors (4096K)
 Metaspace       used 35213K, committed 35520K, reserved 1114112K
  class space    used 4072K, committed 4224K, reserved 1048576K
}
Event: 3908.102 GC heap before
{Heap before GC invocations=21 (full 0):
 garbage-first heap   total 55296K, used 30762K [0x0000000703a00000, 0x0000000800000000)
  region size 2048K, 3 young (6144K), 2 survivors (4096K)
 Metaspace       used 35246K, committed 35584K, reserved 1114112K
  class space    used 4074K, committed 4224K, reserved 1048576K
}
Event: 3908.103 GC heap after
{Heap after GC invocations=22 (full 0):
 garbage-first heap   total 55296K, used 30756K [0x0000000703a00000, 0x0000000800000000)
  region size 2048K, 1 young (2048K), 1 survivors (2048K)
 Metaspace       used 35246K, committed 35584K, reserved 1114112K
  class space    used 4074K, committed 4224K, reserved 1048576K
}
Event: 3908.199 GC heap before
{Heap before GC invocations=23 (full 0):
 garbage-first heap   total 65536K, used 36900K [0x0000000703a00000, 0x0000000800000000)
  region size 2048K, 2 young (4096K), 1 survivors (2048K)
 Metaspace       used 35270K, committed 35584K, reserved 1114112K
  class space    used 4074K, committed 4224K, reserved 1048576K
}
Event: 3908.203 GC heap after
{Heap after GC invocations=24 (full 0):
 garbage-first heap   total 65536K, used 28668K [0x0000000703a00000, 0x0000000800000000)
  region size 2048K, 1 young (2048K), 1 survivors (2048K)
 Metaspace       used 35270K, committed 35584K, reserved 1114112K
  class space    used 4074K, committed 4224K, reserved 1048576K
}
Event: 16726.068 GC heap before
{Heap before GC invocations=24 (full 0):
 garbage-first heap   total 65536K, used 40956K [0x0000000703a00000, 0x0000000800000000)
  region size 2048K, 4 young (8192K), 1 survivors (2048K)
 Metaspace       used 35306K, committed 35584K, reserved 1114112K
  class space    used 4075K, committed 4224K, reserved 1048576K
}
Event: 16726.069 GC heap after
{Heap after GC invocations=25 (full 0):
 garbage-first heap   total 65536K, used 30717K [0x0000000703a00000, 0x0000000800000000)
  region size 2048K, 1 young (2048K), 1 survivors (2048K)
 Metaspace       used 35306K, committed 35584K, reserved 1114112K
  class space    used 4075K, committed 4224K, reserved 1048576K
}

